<?xml version="1.0" encoding="UTF-8"?>
<!-- Generated by org.testng.reporters.JUnitXMLReporter -->
<testsuite ignored="3" hostname="DESKTOP-LSBCFFJ" failures="1" tests="3" name="OTOAPP" time="94.258" errors="0" timestamp="2021-07-27T19:24:47 IST">
  <testcase classname="Base.Apache_POI_TC" name="@AfterMethod tearDownMethod" time="0.039">
    <failure type="java.lang.NullPointerException" message="Cannot invoke &amp;quot;org.openqa.selenium.TakesScreenshot.getScreenshotAs(org.openqa.selenium.OutputType)&amp;quot; because &amp;quot;ts&amp;quot; is null">
      <![CDATA[java.lang.NullPointerException: Cannot invoke "org.openqa.selenium.TakesScreenshot.getScreenshotAs(org.openqa.selenium.OutputType)" because "ts" is null
at utility.ScreenshotUtility.getScreenshot(ScreenshotUtility.java:24)
at Base.Apache_POI_TC.tearDownMethod(Apache_POI_TC.java:184)
at java.base/java.util.ArrayList.forEach(ArrayList.java:1511)
... Removed 32 stack frames]]>
    </failure>
  </testcase> <!-- @AfterMethod tearDownMethod -->
  <testcase classname="oto.LoginTests" name="clickLoginWithEmail" time="13.027"/>
  <testcase classname="oto.LoginTests" name="verifyLogin" time="21.787"/>
  <testcase classname="oto.DashBoardTests" name="clickLoanLink" time="37.204">
    <failure type="java.lang.NullPointerException" message="Cannot invoke &amp;quot;com.aventstack.extentreports.ExtentReports.createTest(String)&amp;quot; because &amp;quot;this.report&amp;quot; is null">
      <![CDATA[java.lang.NullPointerException: Cannot invoke "com.aventstack.extentreports.ExtentReports.createTest(String)" because "this.report" is null
at oto.DashBoardTests.clickLoanLink(DashBoardTests.java:32)
at java.base/java.util.ArrayList.forEach(ArrayList.java:1511)
... Removed 27 stack frames]]>
    </failure>
  </testcase> <!-- clickLoanLink -->
  <testcase classname="Base.Apache_POI_TC" name="@AfterSuite EndSuite" time="0.0">
    <ignored/>
  </testcase> <!-- @AfterSuite EndSuite -->
  <testcase classname="Base.Apache_POI_TC" name="@BeforeSuite setUpSuite" time="0.0">
    <ignored/>
  </testcase> <!-- @BeforeSuite setUpSuite -->
  <testcase classname="Base.Apache_POI_TC" name="@BeforeTest Execution" time="0.0">
    <ignored/>
  </testcase> <!-- @BeforeTest Execution -->
</testsuite> <!-- OTOAPP -->
