<?xml version="1.0" encoding="UTF-8"?>
<!-- Generated by org.testng.reporters.JUnitXMLReporter -->
<testsuite ignored="0" hostname="DESKTOP-LSBCFFJ" failures="0" tests="6" name="OTOAPPOne" time="221.534" errors="0" timestamp="2021-09-24T13:15:25 IST">
  <testcase classname="oto.DashboardTest" name="verifyLoanClick" time="9.756"/>
  <testcase classname="oto.DashboardTest" name="verifySubmitApplicationclick" time="5.254"/>
  <testcase classname="oto.MAFTest" name="verifyFirstStockClick" time="0.304"/>
  <testcase classname="oto.MAFTest" name="verifyCNAFClick" time="10.562"/>
  <testcase classname="oto.MAFTest" name="addMAFFormBasicDetails" time="80.011"/>
  <testcase classname="oto.MAFTest" name="addMAFCustDetails" time="75.016"/>
</testsuite> <!-- OTOAPPOne -->
