<?xml version="1.0" encoding="UTF-8"?>
<!-- Generated by org.testng.reporters.JUnitXMLReporter -->
<testsuite hostname="AnkitaDey" ignored="0" name="Test" tests="1" failures="1" timestamp="2021-07-10T16:13:04 IST" time="0.065" errors="0">
  <testcase name="@AfterTest tearDown" time="0.001" classname="Base.Apache_POI_TC">
    <failure type="java.lang.NullPointerException">
      <![CDATA[java.lang.NullPointerException
at Base.Apache_POI_TC.tearDown(Apache_POI_TC.java:98)
... Removed 24 stack frames]]>
    </failure>
  </testcase> <!-- @AfterTest tearDown -->
  <testcase name="testSuccessfulLogin" time="0.008" classname="login.LoginTests">
    <failure type="java.lang.NullPointerException">
      <![CDATA[java.lang.NullPointerException
at login.LoginTests.testSuccessfulLogin(LoginTests.java:16)
at java.util.ArrayList.forEach(ArrayList.java:1249)
... Removed 27 stack frames]]>
    </failure>
  </testcase> <!-- testSuccessfulLogin -->
</testsuite> <!-- Test -->
